<?xml version="1.0" encoding="UTF-8"?>
<testsuite name="model.CoinTest" tests="1" skipped="0" failures="0" errors="0" timestamp="2022-10-23T03:41:49" hostname="iminhoui-MacBookAir.local" time="0.104">
  <properties/>
  <testcase name="getAmount()" classname="model.CoinTest" time="0.104"/>
  <system-out><![CDATA[]]></system-out>
  <system-err><![CDATA[]]></system-err>
</testsuite>
